
Starting:    /opt/microsemi/Libero_v11.4/Synplify/linux_a_64/mbin/synbatch
Install:     /opt/microsemi/Libero_v11.4/Synplify
Date:        Mon Nov 17 07:28:45 2014
Version:     I-2013.09M-SP1-1 

Arguments:   -product synplify_pro  -licensetype synplifypro_actel -batch -log synplify.log Igloo2_TFT_Video_Out_Test_top_syn.tcl
ProductType: synplify_pro

License checkout: synplifypro_actel
License: synplifypro_actel from server localhost 
Licensed Vendor: actel
License Option: actel_oem

Running in Vendor Mode



auto_infer_blackbox is not supported in current product.


log file: "/home/nick/src/Igloo2_TFT_Video_Out_test/synthesis/Igloo2_TFT_Video_Out_Test_top.srr"





Running Igloo2_TFT_Video_Out_Test_top_syn|synthesis


Running: Compile on Igloo2_TFT_Video_Out_Test_top_syn|synthesis


Running: Compile Process on Igloo2_TFT_Video_Out_Test_top_syn|synthesis


Running: Compile Input on Igloo2_TFT_Video_Out_Test_top_syn|synthesis

Copied /home/nick/src/Igloo2_TFT_Video_Out_test/synthesis/synwork/Igloo2_TFT_Video_Out_Test_top_comp.srs to /home/nick/src/Igloo2_TFT_Video_Out_test/synthesis/Igloo2_TFT_Video_Out_Test_top.srs

compiler Completed
Return Code: 0
Run Time:00h:00m:11s


Complete: Compile Process on Igloo2_TFT_Video_Out_Test_top_syn|synthesis


Running: Pre-mapping on Igloo2_TFT_Video_Out_Test_top_syn|synthesis

premap Completed with warnings
Return Code: 1
Run Time:00h:00m:09s


Complete: Compile on Igloo2_TFT_Video_Out_Test_top_syn|synthesis


Running: Map on Igloo2_TFT_Video_Out_Test_top_syn|synthesis


Running: Map & Optimize on Igloo2_TFT_Video_Out_Test_top_syn|synthesis

fpga_mapper Completed with warnings
Return Code: 1
Run Time:00h:09m:19s


Complete: Map on Igloo2_TFT_Video_Out_Test_top_syn|synthesis

Complete: Logic Synthesis on Igloo2_TFT_Video_Out_Test_top_syn|synthesis

TCL script complete: "Igloo2_TFT_Video_Out_Test_top_syn.tcl"

exit status=0


exit status=0


License checkin: synplifypro_actel

