/opt/microsemi/Libero_v11.4/Synplify/bin/c_vhdl  -osyn  /home/nick/src/Igloo2_TFT_Video_Out_test/synthesis/synwork/Igloo2_TFT_Video_Out_Test_top_comp.srs  -top  work.Igloo2_TFT_Video_Out_Test_top  -prodtype  synplify_pro  -primux -dspmac -pqdpadd -fixsmult   -divnmod -nram -encrypt  -pro  -dmgen  /home/nick/src/Igloo2_TFT_Video_Out_test/synthesis/dm  -lite   -ui -fid2 -ram -sharing on  -ll 2000 -autosm -ignore_undefined_lib  -lib work /home/nick/src/Igloo2_TFT_Video_Out_test/hdl/Debounce.vhd -lib work /home/nick/src/Igloo2_TFT_Video_Out_test/hdl/frameBuffer.vhd -lib work /home/nick/src/Igloo2_TFT_Video_Out_test/component/work/Igloo2_TFT_Video_Out_Test/CCC_0/Igloo2_TFT_Video_Out_Test_CCC_0_FCCC.vhd -lib work /home/nick/src/Igloo2_TFT_Video_Out_test/component/Actel/DirectCore/CoreConfigMaster/2.1.102/rtl/vhdl/core/coreconfigmaster.vhd -lib work /home/nick/src/Igloo2_TFT_Video_Out_test/component/Actel/DirectCore/CoreConfigP/7.0.105/rtl/vhdl/core/coreconfigp.vhd -lib work /home/nick/src/Igloo2_TFT_Video_Out_test/component/Actel/DirectCore/CoreResetP/7.0.104/rtl/vhdl/core/coreresetp_pcie_hotreset.vhd -lib work /home/nick/src/Igloo2_TFT_Video_Out_test/component/Actel/DirectCore/CoreResetP/7.0.104/rtl/vhdl/core/coreresetp.vhd -lib work /home/nick/src/Igloo2_TFT_Video_Out_test/component/Actel/SgCore/OSC/1.0.102/osc_comps.vhd -lib work /home/nick/src/Igloo2_TFT_Video_Out_test/component/work/Igloo2_TFT_Video_Out_Test/FABOSC_0/Igloo2_TFT_Video_Out_Test_FABOSC_0_OSC.vhd -lib work /home/nick/src/Igloo2_TFT_Video_Out_test/component/work/Igloo2_TFT_Video_Out_Test_HPMS/Igloo2_TFT_Video_Out_Test_HPMS_syn.vhd -lib work /home/nick/src/Igloo2_TFT_Video_Out_test/component/work/Igloo2_TFT_Video_Out_Test_HPMS/Igloo2_TFT_Video_Out_Test_HPMS.vhd -lib COREAHBLITE_LIB /home/nick/src/Igloo2_TFT_Video_Out_test/component/Actel/DirectCore/CoreAHBLite/5.0.100/rtl/vhdl/core/coreahblite_addrdec.vhd -lib COREAHBLITE_LIB /home/nick/src/Igloo2_TFT_Video_Out_test/component/Actel/DirectCore/CoreAHBLite/5.0.100/rtl/vhdl/core/coreahblite_defaultslavesm.vhd -lib COREAHBLITE_LIB /home/nick/src/Igloo2_TFT_Video_Out_test/component/Actel/DirectCore/CoreAHBLite/5.0.100/rtl/vhdl/core/coreahblite_masterstage.vhd -lib COREAHBLITE_LIB /home/nick/src/Igloo2_TFT_Video_Out_test/component/Actel/DirectCore/CoreAHBLite/5.0.100/rtl/vhdl/core/coreahblite_slavearbiter.vhd -lib COREAHBLITE_LIB /home/nick/src/Igloo2_TFT_Video_Out_test/component/Actel/DirectCore/CoreAHBLite/5.0.100/rtl/vhdl/core/coreahblite_slavestage.vhd -lib COREAHBLITE_LIB /home/nick/src/Igloo2_TFT_Video_Out_test/component/Actel/DirectCore/CoreAHBLite/5.0.100/rtl/vhdl/core/coreahblite_matrix4x16.vhd -lib COREAHBLITE_LIB /home/nick/src/Igloo2_TFT_Video_Out_test/component/Actel/DirectCore/CoreAHBLite/5.0.100/rtl/vhdl/core/coreahblite.vhd -lib COREAHBLITE_LIB /home/nick/src/Igloo2_TFT_Video_Out_test/component/Actel/DirectCore/CoreAHBLite/5.0.100/rtl/vhdl/core/components.vhd -lib work /home/nick/src/Igloo2_TFT_Video_Out_test/component/work/Igloo2_TFT_Video_Out_Test/Igloo2_TFT_Video_Out_Test.vhd -lib work /home/nick/src/Igloo2_TFT_Video_Out_test/hdl/xcounter.vhd -lib work /home/nick/src/Igloo2_TFT_Video_Out_test/hdl/patternGen.vhd -lib work /home/nick/src/Igloo2_TFT_Video_Out_test/component/work/Igloo2_TFT_Video_Out_Test_top/Igloo2_TFT_Video_Out_Test_top.vhd -loga  /home/nick/src/Igloo2_TFT_Video_Out_test/synthesis/Igloo2_TFT_Video_Out_Test_top.srr 
rc:0 success:0
/home/nick/src/Igloo2_TFT_Video_Out_test/synthesis/synwork/Igloo2_TFT_Video_Out_Test_top_comp.srs|o|0|0
/home/nick/src/Igloo2_TFT_Video_Out_test/hdl/Debounce.vhd|i|1414467963|2923
/home/nick/src/Igloo2_TFT_Video_Out_test/hdl/frameBuffer.vhd|i|1414944761|7031
/home/nick/src/Igloo2_TFT_Video_Out_test/component/work/Igloo2_TFT_Video_Out_Test/CCC_0/Igloo2_TFT_Video_Out_Test_CCC_0_FCCC.vhd|i|1414360627|5598
/home/nick/src/Igloo2_TFT_Video_Out_test/component/Actel/DirectCore/CoreConfigMaster/2.1.102/rtl/vhdl/core/coreconfigmaster.vhd|i|1414360627|29344
/home/nick/src/Igloo2_TFT_Video_Out_test/component/Actel/DirectCore/CoreConfigP/7.0.105/rtl/vhdl/core/coreconfigp.vhd|i|1414360627|32692
/home/nick/src/Igloo2_TFT_Video_Out_test/component/Actel/DirectCore/CoreResetP/7.0.104/rtl/vhdl/core/coreresetp_pcie_hotreset.vhd|i|1414360627|9297
/home/nick/src/Igloo2_TFT_Video_Out_test/component/Actel/DirectCore/CoreResetP/7.0.104/rtl/vhdl/core/coreresetp.vhd|i|1414360627|75039
/home/nick/src/Igloo2_TFT_Video_Out_test/component/Actel/SgCore/OSC/1.0.102/osc_comps.vhd|i|1414360628|2164
/home/nick/src/Igloo2_TFT_Video_Out_test/component/work/Igloo2_TFT_Video_Out_Test/FABOSC_0/Igloo2_TFT_Video_Out_Test_FABOSC_0_OSC.vhd|i|1414360628|1559
/home/nick/src/Igloo2_TFT_Video_Out_test/component/work/Igloo2_TFT_Video_Out_Test_HPMS/Igloo2_TFT_Video_Out_Test_HPMS_syn.vhd|i|1414360619|86874
/home/nick/src/Igloo2_TFT_Video_Out_test/component/work/Igloo2_TFT_Video_Out_Test_HPMS/Igloo2_TFT_Video_Out_Test_HPMS.vhd|i|1414360622|140031
/home/nick/src/Igloo2_TFT_Video_Out_test/component/Actel/DirectCore/CoreAHBLite/5.0.100/rtl/vhdl/core/coreahblite_addrdec.vhd|i|1414360627|11490
/home/nick/src/Igloo2_TFT_Video_Out_test/component/Actel/DirectCore/CoreAHBLite/5.0.100/rtl/vhdl/core/coreahblite_defaultslavesm.vhd|i|1414360627|2697
/home/nick/src/Igloo2_TFT_Video_Out_test/component/Actel/DirectCore/CoreAHBLite/5.0.100/rtl/vhdl/core/coreahblite_masterstage.vhd|i|1414360627|29790
/home/nick/src/Igloo2_TFT_Video_Out_test/component/Actel/DirectCore/CoreAHBLite/5.0.100/rtl/vhdl/core/coreahblite_slavearbiter.vhd|i|1414360627|17113
/home/nick/src/Igloo2_TFT_Video_Out_test/component/Actel/DirectCore/CoreAHBLite/5.0.100/rtl/vhdl/core/coreahblite_slavestage.vhd|i|1414360627|12029
/home/nick/src/Igloo2_TFT_Video_Out_test/component/Actel/DirectCore/CoreAHBLite/5.0.100/rtl/vhdl/core/coreahblite_matrix4x16.vhd|i|1414360627|425417
/home/nick/src/Igloo2_TFT_Video_Out_test/component/Actel/DirectCore/CoreAHBLite/5.0.100/rtl/vhdl/core/coreahblite.vhd|i|1414360627|62410
/home/nick/src/Igloo2_TFT_Video_Out_test/component/Actel/DirectCore/CoreAHBLite/5.0.100/rtl/vhdl/core/components.vhd|i|1414360627|19040
/home/nick/src/Igloo2_TFT_Video_Out_test/component/work/Igloo2_TFT_Video_Out_Test/Igloo2_TFT_Video_Out_Test.vhd|i|1414360629|110102
/home/nick/src/Igloo2_TFT_Video_Out_test/hdl/xcounter.vhd|i|1414362443|2057
/home/nick/src/Igloo2_TFT_Video_Out_test/hdl/patternGen.vhd|i|1414646206|9115
/home/nick/src/Igloo2_TFT_Video_Out_test/component/work/Igloo2_TFT_Video_Out_Test_top/Igloo2_TFT_Video_Out_Test_top.vhd|i|1414909622|18406
/home/nick/src/Igloo2_TFT_Video_Out_test/synthesis/Igloo2_TFT_Video_Out_Test_top.srr|o|1414949479|184
/opt/microsemi/Libero_v11.4/Synplify/bin/c_vhdl|i|1389675934|365
/opt/microsemi/Libero_v11.4/Synplify/linux/c_vhdl|i|1389676087|5732824
/opt/microsemi/Libero_v11.4/Synplify/linux_a_64/c_vhdl|i|1389676094|8264352
